# JRE version: OpenJDK Runtime Environment (7.0_79-b14) (build 1.7.0_79-b14)
# Java VM: OpenJDK 64-Bit Server VM (24.79-b02 mixed mode linux-amd64 compressed oops)
Heap
 PSYoungGen      total 114176K, used 37971K [0x00000000ebf00000, 0x00000000f3980000, 0x0000000100000000)
  eden space 107520K, 29% used [0x00000000ebf00000,0x00000000ede03658,0x00000000f2800000)
  from space 6656K, 93% used [0x00000000f3300000,0x00000000f39115b0,0x00000000f3980000)
  to   space 8192K, 0% used [0x00000000f2980000,0x00000000f2980000,0x00000000f3180000)
 ParOldGen       total 161280K, used 126586K [0x00000000c3e00000, 0x00000000cdb80000, 0x00000000ebf00000)
  object space 161280K, 78% used [0x00000000c3e00000,0x00000000cb99e8a0,0x00000000cdb80000)
 PSPermGen       total 22016K, used 15997K [0x00000000b9800000, 0x00000000bad80000, 0x00000000c3e00000)
  object space 22016K, 72% used [0x00000000b9800000,0x00000000ba79f6f0,0x00000000bad80000)
GC Heap History (10 events):
Event: 8,591 GC heap before
{Heap before GC invocations=7 (full 1):
 PSYoungGen      total 65024K, used 4521K [0x00000000ebf00000, 0x00000000f0600000, 0x0000000100000000)
  eden space 60416K, 0% used [0x00000000ebf00000,0x00000000ebf00000,0x00000000efa00000)
  from space 4608K, 98% used [0x00000000eff80000,0x00000000f03ea5a0,0x00000000f0400000)
  to   space 5632K, 0% used [0x00000000efa00000,0x00000000efa00000,0x00000000eff80000)
 ParOldGen       total 140288K, used 129493K [0x00000000c3e00000, 0x00000000cc700000, 0x00000000ebf00000)
  object space 140288K, 92% used [0x00000000c3e00000,0x00000000cbc75678,0x00000000cc700000)
 PSPermGen       total 21504K, used 10991K [0x00000000b9800000, 0x00000000bad00000, 0x00000000c3e00000)
  object space 21504K, 51% used [0x00000000b9800000,0x00000000ba2bbdf0,0x00000000bad00000)
Event: 8,692 GC heap after
Heap after GC invocations=7 (full 1):
 PSYoungGen      total 65024K, used 0K [0x00000000ebf00000, 0x00000000f0600000, 0x0000000100000000)
  eden space 60416K, 0% used [0x00000000ebf00000,0x00000000ebf00000,0x00000000efa00000)
  from space 4608K, 0% used [0x00000000eff80000,0x00000000eff80000,0x00000000f0400000)
  to   space 5632K, 0% used [0x00000000efa00000,0x00000000efa00000,0x00000000eff80000)
 ParOldGen       total 109568K, used 71254K [0x00000000c3e00000, 0x00000000ca900000, 0x00000000ebf00000)
  object space 109568K, 65% used [0x00000000c3e00000,0x00000000c83959e0,0x00000000ca900000)
 PSPermGen       total 22016K, used 10989K [0x00000000b9800000, 0x00000000bad80000, 0x00000000c3e00000)
  object space 22016K, 49% used [0x00000000b9800000,0x00000000ba2bb6e8,0x00000000bad80000)
}
Event: 9,631 GC heap before
{Heap before GC invocations=8 (full 1):
 PSYoungGen      total 65024K, used 60416K [0x00000000ebf00000, 0x00000000f0600000, 0x0000000100000000)
  eden space 60416K, 100% used [0x00000000ebf00000,0x00000000efa00000,0x00000000efa00000)
  from space 4608K, 0% used [0x00000000eff80000,0x00000000eff80000,0x00000000f0400000)
  to   space 5632K, 0% used [0x00000000efa00000,0x00000000efa00000,0x00000000eff80000)
 ParOldGen       total 161280K, used 122738K [0x00000000c3e00000, 0x00000000cdb80000, 0x00000000ebf00000)
  object space 161280K, 76% used [0x00000000c3e00000,0x00000000cb5dcbf0,0x00000000cdb80000)
 PSPermGen       total 22016K, used 11006K [0x00000000b9800000, 0x00000000bad80000, 0x00000000c3e00000)
  object space 22016K, 49% used [0x00000000b9800000,0x00000000ba2bfb50,0x00000000bad80000)
Event: 9,641 GC heap after
Heap after GC invocations=8 (full 1):
 PSYoungGen      total 66048K, used 4824K [0x00000000ebf00000, 0x00000000f2200000, 0x0000000100000000)
  eden space 60416K, 0% used [0x00000000ebf00000,0x00000000ebf00000,0x00000000efa00000)
  from space 5632K, 85% used [0x00000000efa00000,0x00000000efeb63d8,0x00000000eff80000)
  to   space 6144K, 0% used [0x00000000f1c00000,0x00000000f1c00000,0x00000000f2200000)
 ParOldGen       total 161280K, used 124787K [0x00000000c3e00000, 0x00000000cdb80000, 0x00000000ebf00000)
  object space 161280K, 77% used [0x00000000c3e00000,0x00000000cb7dcc10,0x00000000cdb80000)
 PSPermGen       total 22016K, used 11006K [0x00000000b9800000, 0x00000000bad80000, 0x00000000c3e00000)
  object space 22016K, 49% used [0x00000000b9800000,0x00000000ba2bfb50,0x00000000bad80000)
}
Event: 10,433 GC heap before
{Heap before GC invocations=9 (full 1):
 PSYoungGen      total 66048K, used 64804K [0x00000000ebf00000, 0x00000000f2200000, 0x0000000100000000)
  eden space 60416K, 99% used [0x00000000ebf00000,0x00000000ef992ed8,0x00000000efa00000)
  from space 5632K, 85% used [0x00000000efa00000,0x00000000efeb63d8,0x00000000eff80000)
  to   space 6144K, 0% used [0x00000000f1c00000,0x00000000f1c00000,0x00000000f2200000)
 ParOldGen       total 161280K, used 124787K [0x00000000c3e00000, 0x00000000cdb80000, 0x00000000ebf00000)
  object space 161280K, 77% used [0x00000000c3e00000,0x00000000cb7dcc10,0x00000000cdb80000)
 PSPermGen       total 22016K, used 11010K [0x00000000b9800000, 0x00000000bad80000, 0x00000000c3e00000)
  object space 22016K, 50% used [0x00000000b9800000,0x00000000ba2c0bc8,0x00000000bad80000)
Event: 10,443 GC heap after
Heap after GC invocations=9 (full 1):
 PSYoungGen      total 94720K, used 4765K [0x00000000ebf00000, 0x00000000f2400000, 0x0000000100000000)
  eden space 88576K, 0% used [0x00000000ebf00000,0x00000000ebf00000,0x00000000f1580000)
  from space 6144K, 77% used [0x00000000f1c00000,0x00000000f20a7458,0x00000000f2200000)
  to   space 6656K, 0% used [0x00000000f1580000,0x00000000f1580000,0x00000000f1c00000)
 ParOldGen       total 161280K, used 126570K [0x00000000c3e00000, 0x00000000cdb80000, 0x00000000ebf00000)
  object space 161280K, 78% used [0x00000000c3e00000,0x00000000cb99a8a0,0x00000000cdb80000)
 PSPermGen       total 22016K, used 11010K [0x00000000b9800000, 0x00000000bad80000, 0x00000000c3e00000)
  object space 22016K, 50% used [0x00000000b9800000,0x00000000ba2c0bc8,0x00000000bad80000)
}
Event: 31,064 GC heap before
{Heap before GC invocations=10 (full 1):
 PSYoungGen      total 94720K, used 93341K [0x00000000ebf00000, 0x00000000f2400000, 0x0000000100000000)
  eden space 88576K, 100% used [0x00000000ebf00000,0x00000000f1580000,0x00000000f1580000)
  from space 6144K, 77% used [0x00000000f1c00000,0x00000000f20a7458,0x00000000f2200000)
  to   space 6656K, 0% used [0x00000000f1580000,0x00000000f1580000,0x00000000f1c00000)
 ParOldGen       total 161280K, used 126570K [0x00000000c3e00000, 0x00000000cdb80000, 0x00000000ebf00000)
  object space 161280K, 78% used [0x00000000c3e00000,0x00000000cb99a8a0,0x00000000cdb80000)
 PSPermGen       total 22016K, used 12316K [0x00000000b9800000, 0x00000000bad80000, 0x00000000c3e00000)
  object space 22016K, 55% used [0x00000000b9800000,0x00000000ba407200,0x00000000bad80000)
Event: 31,077 GC heap after
Heap after GC invocations=10 (full 1):
 PSYoungGen      total 95232K, used 6277K [0x00000000ebf00000, 0x00000000f3a80000, 0x0000000100000000)
  eden space 88576K, 0% used [0x00000000ebf00000,0x00000000ebf00000,0x00000000f1580000)
  from space 6656K, 94% used [0x00000000f1580000,0x00000000f1ba15b0,0x00000000f1c00000)
  to   space 7680K, 0% used [0x00000000f3300000,0x00000000f3300000,0x00000000f3a80000)
 ParOldGen       total 161280K, used 126578K [0x00000000c3e00000, 0x00000000cdb80000, 0x00000000ebf00000)
  object space 161280K, 78% used [0x00000000c3e00000,0x00000000cb99c8a0,0x00000000cdb80000)
 PSPermGen       total 22016K, used 12316K [0x00000000b9800000, 0x00000000bad80000, 0x00000000c3e00000)
  object space 22016K, 55% used [0x00000000b9800000,0x00000000ba407200,0x00000000bad80000)
}
Event: 68,999 GC heap before
{Heap before GC invocations=11 (full 1):
 PSYoungGen      total 95232K, used 94853K [0x00000000ebf00000, 0x00000000f3a80000, 0x0000000100000000)
  eden space 88576K, 100% used [0x00000000ebf00000,0x00000000f1580000,0x00000000f1580000)
  from space 6656K, 94% used [0x00000000f1580000,0x00000000f1ba15b0,0x00000000f1c00000)
  to   space 7680K, 0% used [0x00000000f3300000,0x00000000f3300000,0x00000000f3a80000)
 ParOldGen       total 161280K, used 126578K [0x00000000c3e00000, 0x00000000cdb80000, 0x00000000ebf00000)
  object space 161280K, 78% used [0x00000000c3e00000,0x00000000cb99c8a0,0x00000000cdb80000)
 PSPermGen       total 22016K, used 12363K [0x00000000b9800000, 0x00000000bad80000, 0x00000000c3e00000)
  object space 22016K, 56% used [0x00000000b9800000,0x00000000ba412df8,0x00000000bad80000)
Event: 69,012 GC heap after
Heap after GC invocations=11 (full 1):
 PSYoungGen      total 114176K, used 6213K [0x00000000ebf00000, 0x00000000f3980000, 0x0000000100000000)
  eden space 107520K, 0% used [0x00000000ebf00000,0x00000000ebf00000,0x00000000f2800000)
  from space 6656K, 93% used [0x00000000f3300000,0x00000000f39115b0,0x00000000f3980000)
  to   space 8192K, 0% used [0x00000000f2980000,0x00000000f2980000,0x00000000f3180000)
 ParOldGen       total 161280K, used 126586K [0x00000000c3e00000, 0x00000000cdb80000, 0x00000000ebf00000)
  object space 161280K, 78% used [0x00000000c3e00000,0x00000000cb99e8a0,0x00000000cdb80000)
 PSPermGen       total 22016K, used 12363K [0x00000000b9800000, 0x00000000bad80000, 0x00000000c3e00000)
  object space 22016K, 56% used [0x00000000b9800000,0x00000000ba412df8,0x00000000bad80000)
}

