# JRE version: OpenJDK Runtime Environment (7.0_79-b14) (build 1.7.0_79-b14)
# Java VM: OpenJDK 64-Bit Server VM (24.79-b02 mixed mode linux-amd64 compressed oops)
Heap
 PSYoungGen      total 166912K, used 33037K [0x00000000ebf00000, 0x00000000f6e00000, 0x0000000100000000)
  eden space 162816K, 19% used [0x00000000ebf00000,0x00000000ede43470,0x00000000f5e00000)
  from space 4096K, 25% used [0x00000000f6a00000,0x00000000f6b00000,0x00000000f6e00000)
  to   space 8192K, 0% used [0x00000000f5e00000,0x00000000f5e00000,0x00000000f6600000)
 ParOldGen       total 160256K, used 131227K [0x00000000c3e00000, 0x00000000cda80000, 0x00000000ebf00000)
  object space 160256K, 81% used [0x00000000c3e00000,0x00000000cbe26ed8,0x00000000cda80000)
 PSPermGen       total 22016K, used 15999K [0x00000000b9800000, 0x00000000bad80000, 0x00000000c3e00000)
  object space 22016K, 72% used [0x00000000b9800000,0x00000000ba79fdd0,0x00000000bad80000)
GC Heap History (10 events):
Event: 45,354 GC heap before
{Heap before GC invocations=11 (full 1):
 PSYoungGen      total 99328K, used 91968K [0x00000000ebf00000, 0x00000000f4580000, 0x0000000100000000)
  eden space 91136K, 100% used [0x00000000ebf00000,0x00000000f1800000,0x00000000f1800000)
  from space 8192K, 10% used [0x00000000f1800000,0x00000000f18d0000,0x00000000f2000000)
  to   space 8192K, 0% used [0x00000000f3d80000,0x00000000f3d80000,0x00000000f4580000)
 ParOldGen       total 160256K, used 130627K [0x00000000c3e00000, 0x00000000cda80000, 0x00000000ebf00000)
  object space 160256K, 81% used [0x00000000c3e00000,0x00000000cbd90eb8,0x00000000cda80000)
 PSPermGen       total 22016K, used 12329K [0x00000000b9800000, 0x00000000bad80000, 0x00000000c3e00000)
  object space 22016K, 56% used [0x00000000b9800000,0x00000000ba40a480,0x00000000bad80000)
Event: 45,364 GC heap after
Heap after GC invocations=11 (full 1):
 PSYoungGen      total 122368K, used 800K [0x00000000ebf00000, 0x00000000f4200000, 0x0000000100000000)
  eden space 117760K, 0% used [0x00000000ebf00000,0x00000000ebf00000,0x00000000f3200000)
  from space 4608K, 17% used [0x00000000f3d80000,0x00000000f3e48000,0x00000000f4200000)
  to   space 8192K, 0% used [0x00000000f3200000,0x00000000f3200000,0x00000000f3a00000)
 ParOldGen       total 160256K, used 130675K [0x00000000c3e00000, 0x00000000cda80000, 0x00000000ebf00000)
  object space 160256K, 81% used [0x00000000c3e00000,0x00000000cbd9ceb8,0x00000000cda80000)
 PSPermGen       total 22016K, used 12329K [0x00000000b9800000, 0x00000000bad80000, 0x00000000c3e00000)
  object space 22016K, 56% used [0x00000000b9800000,0x00000000ba40a480,0x00000000bad80000)
}
Event: 71,072 GC heap before
{Heap before GC invocations=12 (full 1):
 PSYoungGen      total 122368K, used 118560K [0x00000000ebf00000, 0x00000000f4200000, 0x0000000100000000)
  eden space 117760K, 100% used [0x00000000ebf00000,0x00000000f3200000,0x00000000f3200000)
  from space 4608K, 17% used [0x00000000f3d80000,0x00000000f3e48000,0x00000000f4200000)
  to   space 8192K, 0% used [0x00000000f3200000,0x00000000f3200000,0x00000000f3a00000)
 ParOldGen       total 160256K, used 130675K [0x00000000c3e00000, 0x00000000cda80000, 0x00000000ebf00000)
  object space 160256K, 81% used [0x00000000c3e00000,0x00000000cbd9ceb8,0x00000000cda80000)
 PSPermGen       total 22016K, used 12356K [0x00000000b9800000, 0x00000000bad80000, 0x00000000c3e00000)
  object space 22016K, 56% used [0x00000000b9800000,0x00000000ba411080,0x00000000bad80000)
Event: 71,079 GC heap after
Heap after GC invocations=12 (full 1):
 PSYoungGen      total 125952K, used 352K [0x00000000ebf00000, 0x00000000f5f80000, 0x0000000100000000)
  eden space 117760K, 0% used [0x00000000ebf00000,0x00000000ebf00000,0x00000000f3200000)
  from space 8192K, 4% used [0x00000000f3200000,0x00000000f3258000,0x00000000f3a00000)
  to   space 8704K, 0% used [0x00000000f5700000,0x00000000f5700000,0x00000000f5f80000)
 ParOldGen       total 160256K, used 131227K [0x00000000c3e00000, 0x00000000cda80000, 0x00000000ebf00000)
  object space 160256K, 81% used [0x00000000c3e00000,0x00000000cbe26ed8,0x00000000cda80000)
 PSPermGen       total 22016K, used 12356K [0x00000000b9800000, 0x00000000bad80000, 0x00000000c3e00000)
  object space 22016K, 56% used [0x00000000b9800000,0x00000000ba411080,0x00000000bad80000)
}
Event: 89,048 GC heap before
{Heap before GC invocations=13 (full 1):
 PSYoungGen      total 125952K, used 118112K [0x00000000ebf00000, 0x00000000f5f80000, 0x0000000100000000)
  eden space 117760K, 100% used [0x00000000ebf00000,0x00000000f3200000,0x00000000f3200000)
  from space 8192K, 4% used [0x00000000f3200000,0x00000000f3258000,0x00000000f3a00000)
  to   space 8704K, 0% used [0x00000000f5700000,0x00000000f5700000,0x00000000f5f80000)
 ParOldGen       total 160256K, used 131227K [0x00000000c3e00000, 0x00000000cda80000, 0x00000000ebf00000)
  object space 160256K, 81% used [0x00000000c3e00000,0x00000000cbe26ed8,0x00000000cda80000)
 PSPermGen       total 22016K, used 12361K [0x00000000b9800000, 0x00000000bad80000, 0x00000000c3e00000)
  object space 22016K, 56% used [0x00000000b9800000,0x00000000ba4124a8,0x00000000bad80000)
Event: 89,055 GC heap after
Heap after GC invocations=13 (full 1):
 PSYoungGen      total 146432K, used 320K [0x00000000ebf00000, 0x00000000f5b00000, 0x0000000100000000)
  eden space 142336K, 0% used [0x00000000ebf00000,0x00000000ebf00000,0x00000000f4a00000)
  from space 4096K, 7% used [0x00000000f5700000,0x00000000f5750000,0x00000000f5b00000)
  to   space 8704K, 0% used [0x00000000f4a00000,0x00000000f4a00000,0x00000000f5280000)
 ParOldGen       total 160256K, used 131227K [0x00000000c3e00000, 0x00000000cda80000, 0x00000000ebf00000)
  object space 160256K, 81% used [0x00000000c3e00000,0x00000000cbe26ed8,0x00000000cda80000)
 PSPermGen       total 22016K, used 12361K [0x00000000b9800000, 0x00000000bad80000, 0x00000000c3e00000)
  object space 22016K, 56% used [0x00000000b9800000,0x00000000ba4124a8,0x00000000bad80000)
}
Event: 106,189 GC heap before
{Heap before GC invocations=14 (full 1):
 PSYoungGen      total 146432K, used 142656K [0x00000000ebf00000, 0x00000000f5b00000, 0x0000000100000000)
  eden space 142336K, 100% used [0x00000000ebf00000,0x00000000f4a00000,0x00000000f4a00000)
  from space 4096K, 7% used [0x00000000f5700000,0x00000000f5750000,0x00000000f5b00000)
  to   space 8704K, 0% used [0x00000000f4a00000,0x00000000f4a00000,0x00000000f5280000)
 ParOldGen       total 160256K, used 131227K [0x00000000c3e00000, 0x00000000cda80000, 0x00000000ebf00000)
  object space 160256K, 81% used [0x00000000c3e00000,0x00000000cbe26ed8,0x00000000cda80000)
 PSPermGen       total 22016K, used 12361K [0x00000000b9800000, 0x00000000bad80000, 0x00000000c3e00000)
  object space 22016K, 56% used [0x00000000b9800000,0x00000000ba412720,0x00000000bad80000)
Event: 106,192 GC heap after
Heap after GC invocations=14 (full 1):
 PSYoungGen      total 151040K, used 384K [0x00000000ebf00000, 0x00000000f7200000, 0x0000000100000000)
  eden space 142336K, 0% used [0x00000000ebf00000,0x00000000ebf00000,0x00000000f4a00000)
  from space 8704K, 4% used [0x00000000f4a00000,0x00000000f4a60000,0x00000000f5280000)
  to   space 8192K, 0% used [0x00000000f6a00000,0x00000000f6a00000,0x00000000f7200000)
 ParOldGen       total 160256K, used 131227K [0x00000000c3e00000, 0x00000000cda80000, 0x00000000ebf00000)
  object space 160256K, 81% used [0x00000000c3e00000,0x00000000cbe26ed8,0x00000000cda80000)
 PSPermGen       total 22016K, used 12361K [0x00000000b9800000, 0x00000000bad80000, 0x00000000c3e00000)
  object space 22016K, 56% used [0x00000000b9800000,0x00000000ba412720,0x00000000bad80000)
}
Event: 120,845 GC heap before
{Heap before GC invocations=15 (full 1):
 PSYoungGen      total 151040K, used 142720K [0x00000000ebf00000, 0x00000000f7200000, 0x0000000100000000)
  eden space 142336K, 100% used [0x00000000ebf00000,0x00000000f4a00000,0x00000000f4a00000)
  from space 8704K, 4% used [0x00000000f4a00000,0x00000000f4a60000,0x00000000f5280000)
  to   space 8192K, 0% used [0x00000000f6a00000,0x00000000f6a00000,0x00000000f7200000)
 ParOldGen       total 160256K, used 131227K [0x00000000c3e00000, 0x00000000cda80000, 0x00000000ebf00000)
  object space 160256K, 81% used [0x00000000c3e00000,0x00000000cbe26ed8,0x00000000cda80000)
 PSPermGen       total 22016K, used 15837K [0x00000000b9800000, 0x00000000bad80000, 0x00000000c3e00000)
  object space 22016K, 71% used [0x00000000b9800000,0x00000000ba777798,0x00000000bad80000)
Event: 120,854 GC heap after
Heap after GC invocations=15 (full 1):
 PSYoungGen      total 166912K, used 1024K [0x00000000ebf00000, 0x00000000f6e00000, 0x0000000100000000)
  eden space 162816K, 0% used [0x00000000ebf00000,0x00000000ebf00000,0x00000000f5e00000)
  from space 4096K, 25% used [0x00000000f6a00000,0x00000000f6b00000,0x00000000f6e00000)
  to   space 8192K, 0% used [0x00000000f5e00000,0x00000000f5e00000,0x00000000f6600000)
 ParOldGen       total 160256K, used 131227K [0x00000000c3e00000, 0x00000000cda80000, 0x00000000ebf00000)
  object space 160256K, 81% used [0x00000000c3e00000,0x00000000cbe26ed8,0x00000000cda80000)
 PSPermGen       total 22016K, used 15837K [0x00000000b9800000, 0x00000000bad80000, 0x00000000c3e00000)
  object space 22016K, 71% used [0x00000000b9800000,0x00000000ba777798,0x00000000bad80000)
}

